<?xml version="1.0" encoding="UTF-8"?>
<!-- Generated by org.testng.reporters.JUnitXMLReporter -->
<testsuite ignored="0" hostname="LTIN522289" failures="0" tests="3" name="Default test" time="34.688" errors="0" timestamp="2025-01-15T16:42:20 IST">
  <testcase classname="testCases.ULServicesFormTest" name="checkULPageTitle" time="4.533"/>
  <testcase classname="testCases.ULServicesFormTest" name="FillULInvalidData" time="4.716"/>
  <testcase classname="testCases.ULServicesFormTest" name="FillULValidData" time="11.096"/>
</testsuite> <!-- Default test -->
