<?xml version="1.0" encoding="UTF-8"?>
<!-- Generated by org.testng.reporters.JUnitXMLReporter -->
<testsuite ignored="6" hostname="LTIN521812" failures="0" tests="21" name="ChromeTest" time="37.095" errors="0" timestamp="2025-01-16T16:26:01 IST">
  <testcase classname="testCases.SmokeTest" name="testValidUrl" time="0.026"/>
  <testcase classname="testCases.SmokeTest" name="testFieldPresence" time="0.148"/>
  <testcase classname="testCases.SmokeTest" name="testFieldOasisPresence" time="0.037"/>
  <testcase classname="testCases.SmokeTest" name="testULServicesPresence" time="0.14"/>
  <testcase classname="testCases.BookshelvesPriceFilterTest" name="bookShelvesSubmenuPresence" time="0.617"/>
  <testcase classname="testCases.BookshelvesPriceFilterTest" name="bookShelvesClick" time="2.315"/>
  <testcase classname="testCases.BookshelvesPriceFilterTest" name="checkBookshelvesPageTitle" time="0.265"/>
  <testcase classname="testCases.BookshelvesPriceFilterTest" name="checkFilters" time="3.308"/>
  <testcase classname="testCases.BookshelvesPriceFilterTest" name="checkPriceTagSlider" time="0.032"/>
  <testcase classname="testCases.BookshelvesPriceFilterTest" name="testPriceTagSliderWithValue" time="0.948"/>
  <testcase classname="testCases.BookshelvesPriceFilterTest" name="checkStorageTypeTag" time="0.934"/>
  <testcase classname="testCases.BookshelvesPriceFilterTest" name="testStorageTypeTagWithValue" time="0.661"/>
  <testcase classname="testCases.BookshelvesPriceFilterTest" name="testExcludeOutOfStock" time="0.559"/>
  <testcase classname="testCases.BookshelvesPriceFilterTest" name="testSortBy" time="0.04"/>
  <testcase classname="testCases.BookshelvesPriceFilterTest" name="testPresenceOfBookshelves" time="1.411"/>
  <testcase classname="testCases.BookshelvesPriceFilterTest" name="testUrlAfterBack" time="1.534"/>
  <testcase classname="testCases.CollectionsSubMenuRetrievalTest" name="dropDownAppearanceValidation" time="0.725"/>
  <testcase classname="testCases.CollectionsSubMenuRetrievalTest" name="dropDownSubMenuValidation" time="0.182"/>
  <testcase classname="testCases.ULServicesFormTest" name="checkULPageTitle" time="3.013"/>
  <testcase classname="testCases.ULServicesFormTest" name="FillULInvalidData" time="0.768"/>
  <testcase classname="testCases.ULServicesFormTest" name="FillULValidData" time="7.691"/>
  <testcase classname="testBase.BaseClass" name="@AfterTest tearDown" time="0.0">
    <ignored/>
  </testcase> <!-- @AfterTest tearDown -->
  <testcase classname="testBase.BaseClass" name="@AfterTest tearDown" time="0.0">
    <ignored/>
  </testcase> <!-- @AfterTest tearDown -->
  <testcase classname="testBase.BaseClass" name="@AfterTest tearDown" time="0.0">
    <ignored/>
  </testcase> <!-- @AfterTest tearDown -->
  <testcase classname="testBase.BaseClass" name="@BeforeTest setup" time="0.0">
    <ignored/>
  </testcase> <!-- @BeforeTest setup -->
  <testcase classname="testBase.BaseClass" name="@BeforeTest setup" time="0.0">
    <ignored/>
  </testcase> <!-- @BeforeTest setup -->
  <testcase classname="testBase.BaseClass" name="@BeforeTest setup" time="0.0">
    <ignored/>
  </testcase> <!-- @BeforeTest setup -->
</testsuite> <!-- ChromeTest -->
