<?xml version="1.0" encoding="UTF-8"?>
<!-- Generated by org.testng.reporters.JUnitXMLReporter -->
<testsuite ignored="6" hostname="LTIN521812" failures="0" tests="21" name="Test" time="38.354" errors="0" timestamp="2025-01-16T10:50:54 IST">
  <testcase classname="testCases.SmokeTest" name="testValidUrl" time="0.039"/>
  <testcase classname="testCases.SmokeTest" name="testFieldPresence" time="0.062"/>
  <testcase classname="testCases.SmokeTest" name="testFieldOasisPresence" time="0.047"/>
  <testcase classname="testCases.SmokeTest" name="testULServicesPresence" time="0.048"/>
  <testcase classname="testCases.BookshelvesPriceFilterTest" name="bookShelvesSubmenuPresence" time="0.395"/>
  <testcase classname="testCases.BookshelvesPriceFilterTest" name="bookShelvesClick" time="2.52"/>
  <testcase classname="testCases.BookshelvesPriceFilterTest" name="checkBookshelvesPageTitle" time="0.217"/>
  <testcase classname="testCases.BookshelvesPriceFilterTest" name="checkFilters" time="3.261"/>
  <testcase classname="testCases.BookshelvesPriceFilterTest" name="checkPriceTagSlider" time="0.031"/>
  <testcase classname="testCases.BookshelvesPriceFilterTest" name="testPriceTagSliderWithValue" time="0.925"/>
  <testcase classname="testCases.BookshelvesPriceFilterTest" name="checkStorageTypeTag" time="1.919"/>
  <testcase classname="testCases.BookshelvesPriceFilterTest" name="testStorageTypeTagWithValue" time="0.577"/>
  <testcase classname="testCases.BookshelvesPriceFilterTest" name="testExcludeOutOfStock" time="0.482"/>
  <testcase classname="testCases.BookshelvesPriceFilterTest" name="testSortBy" time="0.066"/>
  <testcase classname="testCases.BookshelvesPriceFilterTest" name="testPresenceOfBookshelves" time="1.38"/>
  <testcase classname="testCases.BookshelvesPriceFilterTest" name="testUrlAfterBack" time="1.728"/>
  <testcase classname="testCases.CollectionsSubMenuRetrievalTest" name="dropDownAppearanceValidation" time="0.739"/>
  <testcase classname="testCases.CollectionsSubMenuRetrievalTest" name="dropDownSubMenuValidation" time="0.206"/>
  <testcase classname="testCases.ULServicesFormTest" name="checkULPageTitle" time="2.566"/>
  <testcase classname="testCases.ULServicesFormTest" name="FillULInvalidData" time="0.858"/>
  <testcase classname="testCases.ULServicesFormTest" name="FillULValidData" time="7.862"/>
  <testcase classname="testBase.BaseClass" name="@AfterTest tearDown" time="0.0">
    <ignored/>
  </testcase> <!-- @AfterTest tearDown -->
  <testcase classname="testBase.BaseClass" name="@AfterTest tearDown" time="0.0">
    <ignored/>
  </testcase> <!-- @AfterTest tearDown -->
  <testcase classname="testBase.BaseClass" name="@AfterTest tearDown" time="0.0">
    <ignored/>
  </testcase> <!-- @AfterTest tearDown -->
  <testcase classname="testBase.BaseClass" name="@BeforeTest setup" time="0.0">
    <ignored/>
  </testcase> <!-- @BeforeTest setup -->
  <testcase classname="testBase.BaseClass" name="@BeforeTest setup" time="0.0">
    <ignored/>
  </testcase> <!-- @BeforeTest setup -->
  <testcase classname="testBase.BaseClass" name="@BeforeTest setup" time="0.0">
    <ignored/>
  </testcase> <!-- @BeforeTest setup -->
</testsuite> <!-- Test -->
