<?xml version="1.0" encoding="UTF-8"?>
<!-- Generated by org.testng.reporters.JUnitXMLReporter -->
<testsuite ignored="6" hostname="LTIN521812" failures="0" tests="21" name="ChromeTest" time="38.839" errors="0" timestamp="2025-01-16T16:29:53 IST">
  <testcase classname="testCases.SmokeTest" name="testValidUrl" time="0.024"/>
  <testcase classname="testCases.SmokeTest" name="testFieldPresence" time="0.073"/>
  <testcase classname="testCases.SmokeTest" name="testFieldOasisPresence" time="0.133"/>
  <testcase classname="testCases.SmokeTest" name="testULServicesPresence" time="0.055"/>
  <testcase classname="testCases.BookshelvesPriceFilterTest" name="bookShelvesSubmenuPresence" time="0.225"/>
  <testcase classname="testCases.BookshelvesPriceFilterTest" name="bookShelvesClick" time="3.26"/>
  <testcase classname="testCases.BookshelvesPriceFilterTest" name="checkBookshelvesPageTitle" time="0.24"/>
  <testcase classname="testCases.BookshelvesPriceFilterTest" name="checkFilters" time="3.345"/>
  <testcase classname="testCases.BookshelvesPriceFilterTest" name="checkPriceTagSlider" time="0.028"/>
  <testcase classname="testCases.BookshelvesPriceFilterTest" name="testPriceTagSliderWithValue" time="0.963"/>
  <testcase classname="testCases.BookshelvesPriceFilterTest" name="checkStorageTypeTag" time="0.899"/>
  <testcase classname="testCases.BookshelvesPriceFilterTest" name="testStorageTypeTagWithValue" time="0.632"/>
  <testcase classname="testCases.BookshelvesPriceFilterTest" name="testExcludeOutOfStock" time="1.62"/>
  <testcase classname="testCases.BookshelvesPriceFilterTest" name="testSortBy" time="0.041"/>
  <testcase classname="testCases.BookshelvesPriceFilterTest" name="testPresenceOfBookshelves" time="1.317"/>
  <testcase classname="testCases.BookshelvesPriceFilterTest" name="testUrlAfterBack" time="1.674"/>
  <testcase classname="testCases.CollectionsSubMenuRetrievalTest" name="dropDownAppearanceValidation" time="0.727"/>
  <testcase classname="testCases.CollectionsSubMenuRetrievalTest" name="dropDownSubMenuValidation" time="0.179"/>
  <testcase classname="testCases.ULServicesFormTest" name="checkULPageTitle" time="2.48"/>
  <testcase classname="testCases.ULServicesFormTest" name="FillULInvalidData" time="0.82"/>
  <testcase classname="testCases.ULServicesFormTest" name="FillULValidData" time="7.274"/>
  <testcase classname="testBase.BaseClass" name="@AfterTest tearDown" time="0.0">
    <ignored/>
  </testcase> <!-- @AfterTest tearDown -->
  <testcase classname="testBase.BaseClass" name="@AfterTest tearDown" time="0.0">
    <ignored/>
  </testcase> <!-- @AfterTest tearDown -->
  <testcase classname="testBase.BaseClass" name="@AfterTest tearDown" time="0.0">
    <ignored/>
  </testcase> <!-- @AfterTest tearDown -->
  <testcase classname="testBase.BaseClass" name="@BeforeTest setup" time="0.0">
    <ignored/>
  </testcase> <!-- @BeforeTest setup -->
  <testcase classname="testBase.BaseClass" name="@BeforeTest setup" time="0.0">
    <ignored/>
  </testcase> <!-- @BeforeTest setup -->
  <testcase classname="testBase.BaseClass" name="@BeforeTest setup" time="0.0">
    <ignored/>
  </testcase> <!-- @BeforeTest setup -->
</testsuite> <!-- ChromeTest -->
