<?xml version="1.0" encoding="UTF-8"?>
<!-- Generated by org.testng.reporters.JUnitXMLReporter -->
<testsuite ignored="6" hostname="LTIN521812" failures="0" tests="21" name="Test" time="37.364" errors="0" timestamp="2025-01-16T12:24:30 IST">
  <testcase classname="testCases.SmokeTest" name="testValidUrl" time="0.014"/>
  <testcase classname="testCases.SmokeTest" name="testFieldPresence" time="0.045"/>
  <testcase classname="testCases.SmokeTest" name="testFieldOasisPresence" time="0.027"/>
  <testcase classname="testCases.SmokeTest" name="testULServicesPresence" time="0.029"/>
  <testcase classname="testCases.BookshelvesPriceFilterTest" name="bookShelvesSubmenuPresence" time="0.29"/>
  <testcase classname="testCases.BookshelvesPriceFilterTest" name="bookShelvesClick" time="2.678"/>
  <testcase classname="testCases.BookshelvesPriceFilterTest" name="checkBookshelvesPageTitle" time="0.215"/>
  <testcase classname="testCases.BookshelvesPriceFilterTest" name="checkFilters" time="3.291"/>
  <testcase classname="testCases.BookshelvesPriceFilterTest" name="checkPriceTagSlider" time="0.027"/>
  <testcase classname="testCases.BookshelvesPriceFilterTest" name="testPriceTagSliderWithValue" time="0.926"/>
  <testcase classname="testCases.BookshelvesPriceFilterTest" name="checkStorageTypeTag" time="1.003"/>
  <testcase classname="testCases.BookshelvesPriceFilterTest" name="testStorageTypeTagWithValue" time="0.593"/>
  <testcase classname="testCases.BookshelvesPriceFilterTest" name="testExcludeOutOfStock" time="0.511"/>
  <testcase classname="testCases.BookshelvesPriceFilterTest" name="testSortBy" time="0.115"/>
  <testcase classname="testCases.BookshelvesPriceFilterTest" name="testPresenceOfBookshelves" time="1.528"/>
  <testcase classname="testCases.BookshelvesPriceFilterTest" name="testUrlAfterBack" time="1.668"/>
  <testcase classname="testCases.CollectionsSubMenuRetrievalTest" name="dropDownAppearanceValidation" time="0.747"/>
  <testcase classname="testCases.CollectionsSubMenuRetrievalTest" name="dropDownSubMenuValidation" time="0.222"/>
  <testcase classname="testCases.ULServicesFormTest" name="checkULPageTitle" time="2.783"/>
  <testcase classname="testCases.ULServicesFormTest" name="FillULInvalidData" time="1.054"/>
  <testcase classname="testCases.ULServicesFormTest" name="FillULValidData" time="7.371"/>
  <testcase classname="testBase.BaseClass" name="@AfterTest tearDown" time="0.0">
    <ignored/>
  </testcase> <!-- @AfterTest tearDown -->
  <testcase classname="testBase.BaseClass" name="@AfterTest tearDown" time="0.0">
    <ignored/>
  </testcase> <!-- @AfterTest tearDown -->
  <testcase classname="testBase.BaseClass" name="@AfterTest tearDown" time="0.0">
    <ignored/>
  </testcase> <!-- @AfterTest tearDown -->
  <testcase classname="testBase.BaseClass" name="@BeforeTest setup" time="0.0">
    <ignored/>
  </testcase> <!-- @BeforeTest setup -->
  <testcase classname="testBase.BaseClass" name="@BeforeTest setup" time="0.0">
    <ignored/>
  </testcase> <!-- @BeforeTest setup -->
  <testcase classname="testBase.BaseClass" name="@BeforeTest setup" time="0.0">
    <ignored/>
  </testcase> <!-- @BeforeTest setup -->
</testsuite> <!-- Test -->
