<?xml version="1.0" encoding="UTF-8"?>
<testng-results ignored="6" total="27" passed="21" failed="0" skipped="0">
  <reporter-output>
  </reporter-output>
  <suite started-at="2025-01-16T16:29:14 IST" name="Suite" finished-at="2025-01-16T16:29:53 IST" duration-ms="38839">
    <groups>
      <group name="smoke">
        <method signature="SmokeTest.testFieldOasisPresence()[pri:2, instance:testCases.SmokeTest@618425b5]" name="testFieldOasisPresence" class="testCases.SmokeTest"/>
        <method signature="SmokeTest.testFieldPresence()[pri:1, instance:testCases.SmokeTest@618425b5]" name="testFieldPresence" class="testCases.SmokeTest"/>
        <method signature="SmokeTest.testULServicesPresence()[pri:3, instance:testCases.SmokeTest@618425b5]" name="testULServicesPresence" class="testCases.SmokeTest"/>
        <method signature="SmokeTest.testValidUrl()[pri:0, instance:testCases.SmokeTest@618425b5]" name="testValidUrl" class="testCases.SmokeTest"/>
      </group> <!-- smoke -->
    </groups>
    <test started-at="2025-01-16T16:29:14 IST" name="ChromeTest" finished-at="2025-01-16T16:29:53 IST" duration-ms="38839">
      <class name="testCases.CollectionsSubMenuRetrievalTest">
        <test-method is-config="true" signature="pages()[pri:0, instance:testCases.CollectionsSubMenuRetrievalTest@52af26ee]" started-at="2025-01-16T16:29:38 IST" name="pages" finished-at="2025-01-16T16:29:38 IST" duration-ms="2" status="PASS">
          <reporter-output>
          </reporter-output>
        </test-method> <!-- pages -->
        <test-method signature="dropDownAppearanceValidation()[pri:16, instance:testCases.CollectionsSubMenuRetrievalTest@52af26ee]" started-at="2025-01-16T16:29:38 IST" name="dropDownAppearanceValidation" finished-at="2025-01-16T16:29:39 IST" duration-ms="727" status="PASS">
          <reporter-output>
          </reporter-output>
        </test-method> <!-- dropDownAppearanceValidation -->
        <test-method signature="dropDownSubMenuValidation()[pri:17, instance:testCases.CollectionsSubMenuRetrievalTest@52af26ee]" started-at="2025-01-16T16:29:39 IST" name="dropDownSubMenuValidation" finished-at="2025-01-16T16:29:39 IST" depends-on-methods="testCases.CollectionsSubMenuRetrievalTest.dropDownAppearanceValidation" duration-ms="179" status="PASS">
          <reporter-output>
          </reporter-output>
        </test-method> <!-- dropDownSubMenuValidation -->
      </class> <!-- testCases.CollectionsSubMenuRetrievalTest -->
      <class name="testCases.SmokeTest">
        <test-method is-config="true" signature="setup(java.lang.String)[pri:0, instance:testCases.SmokeTest@618425b5]" started-at="2025-01-16T16:29:15 IST" name="setup" finished-at="2025-01-16T16:29:23 IST" duration-ms="8504" status="PASS">
          <params>
            <param index="0">
              <value>
                <![CDATA[Chrome]]>
              </value>
            </param>
          </params>
          <reporter-output>
          </reporter-output>
        </test-method> <!-- setup -->
        <test-method is-config="true" signature="pages()[pri:0, instance:testCases.SmokeTest@618425b5]" started-at="2025-01-16T16:29:23 IST" name="pages" finished-at="2025-01-16T16:29:23 IST" duration-ms="72" status="PASS">
          <reporter-output>
          </reporter-output>
        </test-method> <!-- pages -->
        <test-method signature="testValidUrl()[pri:0, instance:testCases.SmokeTest@618425b5]" started-at="2025-01-16T16:29:23 IST" name="testValidUrl" finished-at="2025-01-16T16:29:23 IST" duration-ms="24" status="PASS">
          <reporter-output>
          </reporter-output>
        </test-method> <!-- testValidUrl -->
        <test-method signature="testFieldPresence()[pri:1, instance:testCases.SmokeTest@618425b5]" started-at="2025-01-16T16:29:23 IST" name="testFieldPresence" finished-at="2025-01-16T16:29:23 IST" duration-ms="73" status="PASS">
          <reporter-output>
          </reporter-output>
        </test-method> <!-- testFieldPresence -->
        <test-method signature="testFieldOasisPresence()[pri:2, instance:testCases.SmokeTest@618425b5]" started-at="2025-01-16T16:29:23 IST" name="testFieldOasisPresence" finished-at="2025-01-16T16:29:23 IST" duration-ms="133" status="PASS">
          <reporter-output>
          </reporter-output>
        </test-method> <!-- testFieldOasisPresence -->
        <test-method signature="testULServicesPresence()[pri:3, instance:testCases.SmokeTest@618425b5]" started-at="2025-01-16T16:29:23 IST" name="testULServicesPresence" finished-at="2025-01-16T16:29:23 IST" duration-ms="55" status="PASS">
          <reporter-output>
          </reporter-output>
        </test-method> <!-- testULServicesPresence -->
        <test-method is-config="true" signature="tearDown()[pri:0, instance:testCases.SmokeTest@618425b5]" started-at="2025-01-16T16:29:49 IST" name="tearDown" finished-at="2025-01-16T16:29:53 IST" duration-ms="3901" status="PASS">
          <reporter-output>
          </reporter-output>
        </test-method> <!-- tearDown -->
      </class> <!-- testCases.SmokeTest -->
      <class name="testCases.ULServicesFormTest">
        <test-method is-config="true" signature="pages()[pri:0, instance:testCases.ULServicesFormTest@6fd83fc1]" started-at="2025-01-16T16:29:39 IST" name="pages" finished-at="2025-01-16T16:29:39 IST" duration-ms="2" status="PASS">
          <reporter-output>
          </reporter-output>
        </test-method> <!-- pages -->
        <test-method signature="checkULPageTitle([Ljava.lang.String;)[pri:18, instance:testCases.ULServicesFormTest@6fd83fc1]" started-at="2025-01-16T16:29:39 IST" name="checkULPageTitle" data-provider="configData" finished-at="2025-01-16T16:29:41 IST" duration-ms="2480" status="PASS">
          <params>
            <param index="0">
              <value>
                <![CDATA[[Ljava.lang.String;@65ef48f2]]>
              </value>
            </param>
          </params>
          <reporter-output>
          </reporter-output>
        </test-method> <!-- checkULPageTitle -->
        <test-method signature="FillULInvalidData()[pri:19, instance:testCases.ULServicesFormTest@6fd83fc1]" started-at="2025-01-16T16:29:41 IST" name="FillULInvalidData" finished-at="2025-01-16T16:29:42 IST" depends-on-methods="testCases.ULServicesFormTest.checkULPageTitle" duration-ms="820" status="PASS">
          <reporter-output>
          </reporter-output>
        </test-method> <!-- FillULInvalidData -->
        <test-method signature="FillULValidData()[pri:20, instance:testCases.ULServicesFormTest@6fd83fc1]" started-at="2025-01-16T16:29:42 IST" name="FillULValidData" finished-at="2025-01-16T16:29:49 IST" depends-on-methods="testCases.ULServicesFormTest.FillULInvalidData" duration-ms="7274" status="PASS">
          <reporter-output>
          </reporter-output>
        </test-method> <!-- FillULValidData -->
      </class> <!-- testCases.ULServicesFormTest -->
      <class name="testCases.BookshelvesPriceFilterTest">
        <test-method is-config="true" signature="pages()[pri:0, instance:testCases.BookshelvesPriceFilterTest@306e95ec]" started-at="2025-01-16T16:29:24 IST" name="pages" finished-at="2025-01-16T16:29:24 IST" duration-ms="2" status="PASS">
          <reporter-output>
          </reporter-output>
        </test-method> <!-- pages -->
        <test-method signature="bookShelvesSubmenuPresence()[pri:4, instance:testCases.BookshelvesPriceFilterTest@306e95ec]" started-at="2025-01-16T16:29:24 IST" name="bookShelvesSubmenuPresence" finished-at="2025-01-16T16:29:24 IST" duration-ms="225" status="PASS">
          <reporter-output>
          </reporter-output>
        </test-method> <!-- bookShelvesSubmenuPresence -->
        <test-method signature="bookShelvesClick()[pri:5, instance:testCases.BookshelvesPriceFilterTest@306e95ec]" started-at="2025-01-16T16:29:24 IST" name="bookShelvesClick" finished-at="2025-01-16T16:29:27 IST" depends-on-methods="testCases.BookshelvesPriceFilterTest.bookShelvesSubmenuPresence" duration-ms="3260" status="PASS">
          <reporter-output>
          </reporter-output>
        </test-method> <!-- bookShelvesClick -->
        <test-method signature="checkBookshelvesPageTitle([Ljava.lang.String;)[pri:6, instance:testCases.BookshelvesPriceFilterTest@306e95ec]" started-at="2025-01-16T16:29:27 IST" name="checkBookshelvesPageTitle" data-provider="configData" finished-at="2025-01-16T16:29:27 IST" depends-on-methods="testCases.BookshelvesPriceFilterTest.bookShelvesClick" duration-ms="240" status="PASS">
          <params>
            <param index="0">
              <value>
                <![CDATA[[Ljava.lang.String;@5328a9c1]]>
              </value>
            </param>
          </params>
          <reporter-output>
          </reporter-output>
        </test-method> <!-- checkBookshelvesPageTitle -->
        <test-method signature="checkFilters()[pri:7, instance:testCases.BookshelvesPriceFilterTest@306e95ec]" started-at="2025-01-16T16:29:27 IST" name="checkFilters" finished-at="2025-01-16T16:29:31 IST" depends-on-methods="testCases.BookshelvesPriceFilterTest.checkBookshelvesPageTitle" duration-ms="3345" status="PASS">
          <reporter-output>
          </reporter-output>
        </test-method> <!-- checkFilters -->
        <test-method signature="checkPriceTagSlider()[pri:8, instance:testCases.BookshelvesPriceFilterTest@306e95ec]" started-at="2025-01-16T16:29:31 IST" name="checkPriceTagSlider" finished-at="2025-01-16T16:29:31 IST" duration-ms="28" status="PASS">
          <reporter-output>
          </reporter-output>
        </test-method> <!-- checkPriceTagSlider -->
        <test-method signature="testPriceTagSliderWithValue()[pri:9, instance:testCases.BookshelvesPriceFilterTest@306e95ec]" started-at="2025-01-16T16:29:31 IST" name="testPriceTagSliderWithValue" finished-at="2025-01-16T16:29:32 IST" duration-ms="963" status="PASS">
          <reporter-output>
          </reporter-output>
        </test-method> <!-- testPriceTagSliderWithValue -->
        <test-method signature="checkStorageTypeTag()[pri:10, instance:testCases.BookshelvesPriceFilterTest@306e95ec]" started-at="2025-01-16T16:29:32 IST" name="checkStorageTypeTag" finished-at="2025-01-16T16:29:32 IST" duration-ms="899" status="PASS">
          <reporter-output>
          </reporter-output>
        </test-method> <!-- checkStorageTypeTag -->
        <test-method signature="testStorageTypeTagWithValue()[pri:11, instance:testCases.BookshelvesPriceFilterTest@306e95ec]" started-at="2025-01-16T16:29:32 IST" name="testStorageTypeTagWithValue" finished-at="2025-01-16T16:29:33 IST" duration-ms="632" status="PASS">
          <reporter-output>
          </reporter-output>
        </test-method> <!-- testStorageTypeTagWithValue -->
        <test-method signature="testExcludeOutOfStock()[pri:12, instance:testCases.BookshelvesPriceFilterTest@306e95ec]" started-at="2025-01-16T16:29:33 IST" name="testExcludeOutOfStock" finished-at="2025-01-16T16:29:35 IST" duration-ms="1620" status="PASS">
          <reporter-output>
          </reporter-output>
        </test-method> <!-- testExcludeOutOfStock -->
        <test-method signature="testSortBy()[pri:13, instance:testCases.BookshelvesPriceFilterTest@306e95ec]" started-at="2025-01-16T16:29:35 IST" name="testSortBy" finished-at="2025-01-16T16:29:35 IST" duration-ms="41" status="PASS">
          <reporter-output>
          </reporter-output>
        </test-method> <!-- testSortBy -->
        <test-method signature="testPresenceOfBookshelves()[pri:14, instance:testCases.BookshelvesPriceFilterTest@306e95ec]" started-at="2025-01-16T16:29:35 IST" name="testPresenceOfBookshelves" finished-at="2025-01-16T16:29:36 IST" depends-on-methods="testCases.BookshelvesPriceFilterTest.testSortBy, testCases.BookshelvesPriceFilterTest.testExcludeOutOfStock, testCases.BookshelvesPriceFilterTest.testPriceTagSliderWithValue, testCases.BookshelvesPriceFilterTest.checkStorageTypeTag" duration-ms="1317" status="PASS">
          <reporter-output>
          </reporter-output>
        </test-method> <!-- testPresenceOfBookshelves -->
        <test-method signature="testUrlAfterBack([Ljava.lang.String;)[pri:15, instance:testCases.BookshelvesPriceFilterTest@306e95ec]" started-at="2025-01-16T16:29:36 IST" name="testUrlAfterBack" data-provider="configData" finished-at="2025-01-16T16:29:38 IST" depends-on-methods="testCases.BookshelvesPriceFilterTest.testPresenceOfBookshelves" duration-ms="1674" status="PASS">
          <params>
            <param index="0">
              <value>
                <![CDATA[[Ljava.lang.String;@fd09e43]]>
              </value>
            </param>
          </params>
          <reporter-output>
          </reporter-output>
        </test-method> <!-- testUrlAfterBack -->
      </class> <!-- testCases.BookshelvesPriceFilterTest -->
    </test> <!-- ChromeTest -->
  </suite> <!-- Suite -->
</testng-results>
