<?xml version="1.0" encoding="UTF-8"?>
<testng-results ignored="6" total="27" passed="21" failed="0" skipped="0">
  <reporter-output>
  </reporter-output>
  <suite started-at="2025-01-16T16:25:24 IST" name="Suite" finished-at="2025-01-16T16:26:01 IST" duration-ms="37095">
    <groups>
      <group name="smoke">
        <method signature="SmokeTest.testFieldOasisPresence()[pri:2, instance:testCases.SmokeTest@27f981c6]" name="testFieldOasisPresence" class="testCases.SmokeTest"/>
        <method signature="SmokeTest.testFieldPresence()[pri:1, instance:testCases.SmokeTest@27f981c6]" name="testFieldPresence" class="testCases.SmokeTest"/>
        <method signature="SmokeTest.testULServicesPresence()[pri:3, instance:testCases.SmokeTest@27f981c6]" name="testULServicesPresence" class="testCases.SmokeTest"/>
        <method signature="SmokeTest.testValidUrl()[pri:0, instance:testCases.SmokeTest@27f981c6]" name="testValidUrl" class="testCases.SmokeTest"/>
      </group> <!-- smoke -->
    </groups>
    <test started-at="2025-01-16T16:25:24 IST" name="ChromeTest" finished-at="2025-01-16T16:26:01 IST" duration-ms="37095">
      <class name="testCases.CollectionsSubMenuRetrievalTest">
        <test-method is-config="true" signature="pages()[pri:0, instance:testCases.CollectionsSubMenuRetrievalTest@6bd61f98]" started-at="2025-01-16T16:25:45 IST" name="pages" finished-at="2025-01-16T16:25:45 IST" duration-ms="2" status="PASS">
          <reporter-output>
          </reporter-output>
        </test-method> <!-- pages -->
        <test-method signature="dropDownAppearanceValidation()[pri:16, instance:testCases.CollectionsSubMenuRetrievalTest@6bd61f98]" started-at="2025-01-16T16:25:45 IST" name="dropDownAppearanceValidation" finished-at="2025-01-16T16:25:45 IST" duration-ms="725" status="PASS">
          <reporter-output>
          </reporter-output>
        </test-method> <!-- dropDownAppearanceValidation -->
        <test-method signature="dropDownSubMenuValidation()[pri:17, instance:testCases.CollectionsSubMenuRetrievalTest@6bd61f98]" started-at="2025-01-16T16:25:45 IST" name="dropDownSubMenuValidation" finished-at="2025-01-16T16:25:46 IST" depends-on-methods="testCases.CollectionsSubMenuRetrievalTest.dropDownAppearanceValidation" duration-ms="182" status="PASS">
          <reporter-output>
          </reporter-output>
        </test-method> <!-- dropDownSubMenuValidation -->
      </class> <!-- testCases.CollectionsSubMenuRetrievalTest -->
      <class name="testCases.SmokeTest">
        <test-method is-config="true" signature="setup(java.lang.String)[pri:0, instance:testCases.SmokeTest@27f981c6]" started-at="2025-01-16T16:25:24 IST" name="setup" finished-at="2025-01-16T16:25:31 IST" duration-ms="7347" status="PASS">
          <params>
            <param index="0">
              <value>
                <![CDATA[Chrome]]>
              </value>
            </param>
          </params>
          <reporter-output>
          </reporter-output>
        </test-method> <!-- setup -->
        <test-method is-config="true" signature="pages()[pri:0, instance:testCases.SmokeTest@27f981c6]" started-at="2025-01-16T16:25:32 IST" name="pages" finished-at="2025-01-16T16:25:32 IST" duration-ms="102" status="PASS">
          <reporter-output>
          </reporter-output>
        </test-method> <!-- pages -->
        <test-method signature="testValidUrl()[pri:0, instance:testCases.SmokeTest@27f981c6]" started-at="2025-01-16T16:25:32 IST" name="testValidUrl" finished-at="2025-01-16T16:25:32 IST" duration-ms="26" status="PASS">
          <reporter-output>
          </reporter-output>
        </test-method> <!-- testValidUrl -->
        <test-method signature="testFieldPresence()[pri:1, instance:testCases.SmokeTest@27f981c6]" started-at="2025-01-16T16:25:32 IST" name="testFieldPresence" finished-at="2025-01-16T16:25:32 IST" duration-ms="148" status="PASS">
          <reporter-output>
          </reporter-output>
        </test-method> <!-- testFieldPresence -->
        <test-method signature="testFieldOasisPresence()[pri:2, instance:testCases.SmokeTest@27f981c6]" started-at="2025-01-16T16:25:32 IST" name="testFieldOasisPresence" finished-at="2025-01-16T16:25:32 IST" duration-ms="37" status="PASS">
          <reporter-output>
          </reporter-output>
        </test-method> <!-- testFieldOasisPresence -->
        <test-method signature="testULServicesPresence()[pri:3, instance:testCases.SmokeTest@27f981c6]" started-at="2025-01-16T16:25:32 IST" name="testULServicesPresence" finished-at="2025-01-16T16:25:32 IST" duration-ms="140" status="PASS">
          <reporter-output>
          </reporter-output>
        </test-method> <!-- testULServicesPresence -->
        <test-method is-config="true" signature="tearDown()[pri:0, instance:testCases.SmokeTest@27f981c6]" started-at="2025-01-16T16:25:57 IST" name="tearDown" finished-at="2025-01-16T16:26:01 IST" duration-ms="3836" status="PASS">
          <reporter-output>
          </reporter-output>
        </test-method> <!-- tearDown -->
      </class> <!-- testCases.SmokeTest -->
      <class name="testCases.ULServicesFormTest">
        <test-method is-config="true" signature="pages()[pri:0, instance:testCases.ULServicesFormTest@48aca48b]" started-at="2025-01-16T16:25:46 IST" name="pages" finished-at="2025-01-16T16:25:46 IST" duration-ms="1" status="PASS">
          <reporter-output>
          </reporter-output>
        </test-method> <!-- pages -->
        <test-method signature="checkULPageTitle([Ljava.lang.String;)[pri:18, instance:testCases.ULServicesFormTest@48aca48b]" started-at="2025-01-16T16:25:46 IST" name="checkULPageTitle" data-provider="configData" finished-at="2025-01-16T16:25:49 IST" duration-ms="3013" status="PASS">
          <params>
            <param index="0">
              <value>
                <![CDATA[[Ljava.lang.String;@b30a50d]]>
              </value>
            </param>
          </params>
          <reporter-output>
          </reporter-output>
        </test-method> <!-- checkULPageTitle -->
        <test-method signature="FillULInvalidData()[pri:19, instance:testCases.ULServicesFormTest@48aca48b]" started-at="2025-01-16T16:25:49 IST" name="FillULInvalidData" finished-at="2025-01-16T16:25:49 IST" depends-on-methods="testCases.ULServicesFormTest.checkULPageTitle" duration-ms="768" status="PASS">
          <reporter-output>
          </reporter-output>
        </test-method> <!-- FillULInvalidData -->
        <test-method signature="FillULValidData()[pri:20, instance:testCases.ULServicesFormTest@48aca48b]" started-at="2025-01-16T16:25:49 IST" name="FillULValidData" finished-at="2025-01-16T16:25:57 IST" depends-on-methods="testCases.ULServicesFormTest.FillULInvalidData" duration-ms="7691" status="PASS">
          <reporter-output>
          </reporter-output>
        </test-method> <!-- FillULValidData -->
      </class> <!-- testCases.ULServicesFormTest -->
      <class name="testCases.BookshelvesPriceFilterTest">
        <test-method is-config="true" signature="pages()[pri:0, instance:testCases.BookshelvesPriceFilterTest@4efac082]" started-at="2025-01-16T16:25:32 IST" name="pages" finished-at="2025-01-16T16:25:32 IST" duration-ms="4" status="PASS">
          <reporter-output>
          </reporter-output>
        </test-method> <!-- pages -->
        <test-method signature="bookShelvesSubmenuPresence()[pri:4, instance:testCases.BookshelvesPriceFilterTest@4efac082]" started-at="2025-01-16T16:25:32 IST" name="bookShelvesSubmenuPresence" finished-at="2025-01-16T16:25:33 IST" duration-ms="617" status="PASS">
          <reporter-output>
          </reporter-output>
        </test-method> <!-- bookShelvesSubmenuPresence -->
        <test-method signature="bookShelvesClick()[pri:5, instance:testCases.BookshelvesPriceFilterTest@4efac082]" started-at="2025-01-16T16:25:33 IST" name="bookShelvesClick" finished-at="2025-01-16T16:25:35 IST" depends-on-methods="testCases.BookshelvesPriceFilterTest.bookShelvesSubmenuPresence" duration-ms="2315" status="PASS">
          <reporter-output>
          </reporter-output>
        </test-method> <!-- bookShelvesClick -->
        <test-method signature="checkBookshelvesPageTitle([Ljava.lang.String;)[pri:6, instance:testCases.BookshelvesPriceFilterTest@4efac082]" started-at="2025-01-16T16:25:35 IST" name="checkBookshelvesPageTitle" data-provider="configData" finished-at="2025-01-16T16:25:35 IST" depends-on-methods="testCases.BookshelvesPriceFilterTest.bookShelvesClick" duration-ms="265" status="PASS">
          <params>
            <param index="0">
              <value>
                <![CDATA[[Ljava.lang.String;@764a3e5d]]>
              </value>
            </param>
          </params>
          <reporter-output>
          </reporter-output>
        </test-method> <!-- checkBookshelvesPageTitle -->
        <test-method signature="checkFilters()[pri:7, instance:testCases.BookshelvesPriceFilterTest@4efac082]" started-at="2025-01-16T16:25:35 IST" name="checkFilters" finished-at="2025-01-16T16:25:39 IST" depends-on-methods="testCases.BookshelvesPriceFilterTest.checkBookshelvesPageTitle" duration-ms="3308" status="PASS">
          <reporter-output>
          </reporter-output>
        </test-method> <!-- checkFilters -->
        <test-method signature="checkPriceTagSlider()[pri:8, instance:testCases.BookshelvesPriceFilterTest@4efac082]" started-at="2025-01-16T16:25:39 IST" name="checkPriceTagSlider" finished-at="2025-01-16T16:25:39 IST" duration-ms="32" status="PASS">
          <reporter-output>
          </reporter-output>
        </test-method> <!-- checkPriceTagSlider -->
        <test-method signature="testPriceTagSliderWithValue()[pri:9, instance:testCases.BookshelvesPriceFilterTest@4efac082]" started-at="2025-01-16T16:25:39 IST" name="testPriceTagSliderWithValue" finished-at="2025-01-16T16:25:40 IST" duration-ms="948" status="PASS">
          <reporter-output>
          </reporter-output>
        </test-method> <!-- testPriceTagSliderWithValue -->
        <test-method signature="checkStorageTypeTag()[pri:10, instance:testCases.BookshelvesPriceFilterTest@4efac082]" started-at="2025-01-16T16:25:40 IST" name="checkStorageTypeTag" finished-at="2025-01-16T16:25:41 IST" duration-ms="934" status="PASS">
          <reporter-output>
          </reporter-output>
        </test-method> <!-- checkStorageTypeTag -->
        <test-method signature="testStorageTypeTagWithValue()[pri:11, instance:testCases.BookshelvesPriceFilterTest@4efac082]" started-at="2025-01-16T16:25:41 IST" name="testStorageTypeTagWithValue" finished-at="2025-01-16T16:25:41 IST" duration-ms="661" status="PASS">
          <reporter-output>
          </reporter-output>
        </test-method> <!-- testStorageTypeTagWithValue -->
        <test-method signature="testExcludeOutOfStock()[pri:12, instance:testCases.BookshelvesPriceFilterTest@4efac082]" started-at="2025-01-16T16:25:41 IST" name="testExcludeOutOfStock" finished-at="2025-01-16T16:25:42 IST" duration-ms="559" status="PASS">
          <reporter-output>
          </reporter-output>
        </test-method> <!-- testExcludeOutOfStock -->
        <test-method signature="testSortBy()[pri:13, instance:testCases.BookshelvesPriceFilterTest@4efac082]" started-at="2025-01-16T16:25:42 IST" name="testSortBy" finished-at="2025-01-16T16:25:42 IST" duration-ms="40" status="PASS">
          <reporter-output>
          </reporter-output>
        </test-method> <!-- testSortBy -->
        <test-method signature="testPresenceOfBookshelves()[pri:14, instance:testCases.BookshelvesPriceFilterTest@4efac082]" started-at="2025-01-16T16:25:42 IST" name="testPresenceOfBookshelves" finished-at="2025-01-16T16:25:43 IST" depends-on-methods="testCases.BookshelvesPriceFilterTest.testSortBy, testCases.BookshelvesPriceFilterTest.testExcludeOutOfStock, testCases.BookshelvesPriceFilterTest.testPriceTagSliderWithValue, testCases.BookshelvesPriceFilterTest.checkStorageTypeTag" duration-ms="1411" status="PASS">
          <reporter-output>
          </reporter-output>
        </test-method> <!-- testPresenceOfBookshelves -->
        <test-method signature="testUrlAfterBack([Ljava.lang.String;)[pri:15, instance:testCases.BookshelvesPriceFilterTest@4efac082]" started-at="2025-01-16T16:25:43 IST" name="testUrlAfterBack" data-provider="configData" finished-at="2025-01-16T16:25:45 IST" depends-on-methods="testCases.BookshelvesPriceFilterTest.testPresenceOfBookshelves" duration-ms="1534" status="PASS">
          <params>
            <param index="0">
              <value>
                <![CDATA[[Ljava.lang.String;@5d1d9d73]]>
              </value>
            </param>
          </params>
          <reporter-output>
          </reporter-output>
        </test-method> <!-- testUrlAfterBack -->
      </class> <!-- testCases.BookshelvesPriceFilterTest -->
    </test> <!-- ChromeTest -->
  </suite> <!-- Suite -->
</testng-results>
