<?xml version="1.0" encoding="UTF-8"?>
<testng-results ignored="6" total="27" passed="21" failed="0" skipped="0">
  <reporter-output>
  </reporter-output>
  <suite started-at="2025-01-16T10:50:16 IST" name="Suite" finished-at="2025-01-16T10:50:54 IST" duration-ms="38354">
    <groups>
      <group name="smoke">
        <method signature="SmokeTest.testFieldOasisPresence()[pri:2, instance:testCases.SmokeTest@71a8adcf]" name="testFieldOasisPresence" class="testCases.SmokeTest"/>
        <method signature="SmokeTest.testFieldPresence()[pri:1, instance:testCases.SmokeTest@71a8adcf]" name="testFieldPresence" class="testCases.SmokeTest"/>
        <method signature="SmokeTest.testULServicesPresence()[pri:3, instance:testCases.SmokeTest@71a8adcf]" name="testULServicesPresence" class="testCases.SmokeTest"/>
        <method signature="SmokeTest.testValidUrl()[pri:0, instance:testCases.SmokeTest@71a8adcf]" name="testValidUrl" class="testCases.SmokeTest"/>
      </group> <!-- smoke -->
    </groups>
    <test started-at="2025-01-16T10:50:16 IST" name="Test" finished-at="2025-01-16T10:50:54 IST" duration-ms="38354">
      <class name="testCases.CollectionsSubMenuRetrievalTest">
        <test-method is-config="true" signature="pages()[pri:0, instance:testCases.CollectionsSubMenuRetrievalTest@1b11171f]" started-at="2025-01-16T10:50:38 IST" name="pages" finished-at="2025-01-16T10:50:38 IST" duration-ms="1" status="PASS">
          <reporter-output>
          </reporter-output>
        </test-method> <!-- pages -->
        <test-method signature="dropDownAppearanceValidation()[pri:16, instance:testCases.CollectionsSubMenuRetrievalTest@1b11171f]" started-at="2025-01-16T10:50:38 IST" name="dropDownAppearanceValidation" finished-at="2025-01-16T10:50:39 IST" duration-ms="739" status="PASS">
          <reporter-output>
          </reporter-output>
        </test-method> <!-- dropDownAppearanceValidation -->
        <test-method signature="dropDownSubMenuValidation()[pri:17, instance:testCases.CollectionsSubMenuRetrievalTest@1b11171f]" started-at="2025-01-16T10:50:39 IST" name="dropDownSubMenuValidation" finished-at="2025-01-16T10:50:39 IST" depends-on-methods="testCases.CollectionsSubMenuRetrievalTest.dropDownAppearanceValidation" duration-ms="206" status="PASS">
          <reporter-output>
          </reporter-output>
        </test-method> <!-- dropDownSubMenuValidation -->
      </class> <!-- testCases.CollectionsSubMenuRetrievalTest -->
      <class name="testCases.SmokeTest">
        <test-method is-config="true" signature="setup(java.lang.String)[pri:0, instance:testCases.SmokeTest@71a8adcf]" started-at="2025-01-16T10:50:16 IST" name="setup" finished-at="2025-01-16T10:50:24 IST" duration-ms="8332" status="PASS">
          <params>
            <param index="0">
              <value>
                <![CDATA[Edge]]>
              </value>
            </param>
          </params>
          <reporter-output>
          </reporter-output>
        </test-method> <!-- setup -->
        <test-method is-config="true" signature="pages()[pri:0, instance:testCases.SmokeTest@71a8adcf]" started-at="2025-01-16T10:50:24 IST" name="pages" finished-at="2025-01-16T10:50:25 IST" duration-ms="61" status="PASS">
          <reporter-output>
          </reporter-output>
        </test-method> <!-- pages -->
        <test-method signature="testValidUrl()[pri:0, instance:testCases.SmokeTest@71a8adcf]" started-at="2025-01-16T10:50:25 IST" name="testValidUrl" finished-at="2025-01-16T10:50:25 IST" duration-ms="39" status="PASS">
          <reporter-output>
          </reporter-output>
        </test-method> <!-- testValidUrl -->
        <test-method signature="testFieldPresence()[pri:1, instance:testCases.SmokeTest@71a8adcf]" started-at="2025-01-16T10:50:25 IST" name="testFieldPresence" finished-at="2025-01-16T10:50:25 IST" duration-ms="62" status="PASS">
          <reporter-output>
          </reporter-output>
        </test-method> <!-- testFieldPresence -->
        <test-method signature="testFieldOasisPresence()[pri:2, instance:testCases.SmokeTest@71a8adcf]" started-at="2025-01-16T10:50:25 IST" name="testFieldOasisPresence" finished-at="2025-01-16T10:50:25 IST" duration-ms="47" status="PASS">
          <reporter-output>
          </reporter-output>
        </test-method> <!-- testFieldOasisPresence -->
        <test-method signature="testULServicesPresence()[pri:3, instance:testCases.SmokeTest@71a8adcf]" started-at="2025-01-16T10:50:25 IST" name="testULServicesPresence" finished-at="2025-01-16T10:50:25 IST" duration-ms="48" status="PASS">
          <reporter-output>
          </reporter-output>
        </test-method> <!-- testULServicesPresence -->
        <test-method is-config="true" signature="tearDown()[pri:0, instance:testCases.SmokeTest@71a8adcf]" started-at="2025-01-16T10:50:51 IST" name="tearDown" finished-at="2025-01-16T10:50:54 IST" duration-ms="3912" status="PASS">
          <reporter-output>
          </reporter-output>
        </test-method> <!-- tearDown -->
      </class> <!-- testCases.SmokeTest -->
      <class name="testCases.BookshelvesPriceFilterTest">
        <test-method is-config="true" signature="pages()[pri:0, instance:testCases.BookshelvesPriceFilterTest@27f981c6]" started-at="2025-01-16T10:50:25 IST" name="pages" finished-at="2025-01-16T10:50:25 IST" duration-ms="3" status="PASS">
          <reporter-output>
          </reporter-output>
        </test-method> <!-- pages -->
        <test-method signature="bookShelvesSubmenuPresence()[pri:4, instance:testCases.BookshelvesPriceFilterTest@27f981c6]" started-at="2025-01-16T10:50:25 IST" name="bookShelvesSubmenuPresence" finished-at="2025-01-16T10:50:25 IST" duration-ms="395" status="PASS">
          <reporter-output>
          </reporter-output>
        </test-method> <!-- bookShelvesSubmenuPresence -->
        <test-method signature="bookShelvesClick()[pri:5, instance:testCases.BookshelvesPriceFilterTest@27f981c6]" started-at="2025-01-16T10:50:25 IST" name="bookShelvesClick" finished-at="2025-01-16T10:50:28 IST" depends-on-methods="testCases.BookshelvesPriceFilterTest.bookShelvesSubmenuPresence" duration-ms="2520" status="PASS">
          <reporter-output>
          </reporter-output>
        </test-method> <!-- bookShelvesClick -->
        <test-method signature="checkBookshelvesPageTitle([Ljava.lang.String;)[pri:6, instance:testCases.BookshelvesPriceFilterTest@27f981c6]" started-at="2025-01-16T10:50:28 IST" name="checkBookshelvesPageTitle" data-provider="configData" finished-at="2025-01-16T10:50:28 IST" depends-on-methods="testCases.BookshelvesPriceFilterTest.bookShelvesClick" duration-ms="217" status="PASS">
          <params>
            <param index="0">
              <value>
                <![CDATA[[Ljava.lang.String;@62b475e2]]>
              </value>
            </param>
          </params>
          <reporter-output>
          </reporter-output>
        </test-method> <!-- checkBookshelvesPageTitle -->
        <test-method signature="checkFilters()[pri:7, instance:testCases.BookshelvesPriceFilterTest@27f981c6]" started-at="2025-01-16T10:50:28 IST" name="checkFilters" finished-at="2025-01-16T10:50:31 IST" depends-on-methods="testCases.BookshelvesPriceFilterTest.checkBookshelvesPageTitle" duration-ms="3261" status="PASS">
          <reporter-output>
          </reporter-output>
        </test-method> <!-- checkFilters -->
        <test-method signature="checkPriceTagSlider()[pri:8, instance:testCases.BookshelvesPriceFilterTest@27f981c6]" started-at="2025-01-16T10:50:31 IST" name="checkPriceTagSlider" finished-at="2025-01-16T10:50:31 IST" duration-ms="31" status="PASS">
          <reporter-output>
          </reporter-output>
        </test-method> <!-- checkPriceTagSlider -->
        <test-method signature="testPriceTagSliderWithValue()[pri:9, instance:testCases.BookshelvesPriceFilterTest@27f981c6]" started-at="2025-01-16T10:50:31 IST" name="testPriceTagSliderWithValue" finished-at="2025-01-16T10:50:32 IST" duration-ms="925" status="PASS">
          <reporter-output>
          </reporter-output>
        </test-method> <!-- testPriceTagSliderWithValue -->
        <test-method signature="checkStorageTypeTag()[pri:10, instance:testCases.BookshelvesPriceFilterTest@27f981c6]" started-at="2025-01-16T10:50:32 IST" name="checkStorageTypeTag" finished-at="2025-01-16T10:50:34 IST" duration-ms="1919" status="PASS">
          <reporter-output>
          </reporter-output>
        </test-method> <!-- checkStorageTypeTag -->
        <test-method signature="testStorageTypeTagWithValue()[pri:11, instance:testCases.BookshelvesPriceFilterTest@27f981c6]" started-at="2025-01-16T10:50:34 IST" name="testStorageTypeTagWithValue" finished-at="2025-01-16T10:50:35 IST" duration-ms="577" status="PASS">
          <reporter-output>
          </reporter-output>
        </test-method> <!-- testStorageTypeTagWithValue -->
        <test-method signature="testExcludeOutOfStock()[pri:12, instance:testCases.BookshelvesPriceFilterTest@27f981c6]" started-at="2025-01-16T10:50:35 IST" name="testExcludeOutOfStock" finished-at="2025-01-16T10:50:35 IST" duration-ms="482" status="PASS">
          <reporter-output>
          </reporter-output>
        </test-method> <!-- testExcludeOutOfStock -->
        <test-method signature="testSortBy()[pri:13, instance:testCases.BookshelvesPriceFilterTest@27f981c6]" started-at="2025-01-16T10:50:35 IST" name="testSortBy" finished-at="2025-01-16T10:50:35 IST" duration-ms="66" status="PASS">
          <reporter-output>
          </reporter-output>
        </test-method> <!-- testSortBy -->
        <test-method signature="testPresenceOfBookshelves()[pri:14, instance:testCases.BookshelvesPriceFilterTest@27f981c6]" started-at="2025-01-16T10:50:35 IST" name="testPresenceOfBookshelves" finished-at="2025-01-16T10:50:37 IST" depends-on-methods="testCases.BookshelvesPriceFilterTest.testSortBy, testCases.BookshelvesPriceFilterTest.testExcludeOutOfStock, testCases.BookshelvesPriceFilterTest.testPriceTagSliderWithValue, testCases.BookshelvesPriceFilterTest.checkStorageTypeTag" duration-ms="1380" status="PASS">
          <reporter-output>
          </reporter-output>
        </test-method> <!-- testPresenceOfBookshelves -->
        <test-method signature="testUrlAfterBack([Ljava.lang.String;)[pri:15, instance:testCases.BookshelvesPriceFilterTest@27f981c6]" started-at="2025-01-16T10:50:37 IST" name="testUrlAfterBack" data-provider="configData" finished-at="2025-01-16T10:50:38 IST" depends-on-methods="testCases.BookshelvesPriceFilterTest.testPresenceOfBookshelves" duration-ms="1728" status="PASS">
          <params>
            <param index="0">
              <value>
                <![CDATA[[Ljava.lang.String;@1c61eda5]]>
              </value>
            </param>
          </params>
          <reporter-output>
          </reporter-output>
        </test-method> <!-- testUrlAfterBack -->
      </class> <!-- testCases.BookshelvesPriceFilterTest -->
      <class name="testCases.ULServicesFormTest">
        <test-method is-config="true" signature="pages()[pri:0, instance:testCases.ULServicesFormTest@1151e434]" started-at="2025-01-16T10:50:39 IST" name="pages" finished-at="2025-01-16T10:50:39 IST" duration-ms="1" status="PASS">
          <reporter-output>
          </reporter-output>
        </test-method> <!-- pages -->
        <test-method signature="checkULPageTitle([Ljava.lang.String;)[pri:18, instance:testCases.ULServicesFormTest@1151e434]" started-at="2025-01-16T10:50:39 IST" name="checkULPageTitle" data-provider="configData" finished-at="2025-01-16T10:50:42 IST" duration-ms="2566" status="PASS">
          <params>
            <param index="0">
              <value>
                <![CDATA[[Ljava.lang.String;@e9474f]]>
              </value>
            </param>
          </params>
          <reporter-output>
          </reporter-output>
        </test-method> <!-- checkULPageTitle -->
        <test-method signature="FillULInvalidData()[pri:19, instance:testCases.ULServicesFormTest@1151e434]" started-at="2025-01-16T10:50:42 IST" name="FillULInvalidData" finished-at="2025-01-16T10:50:43 IST" depends-on-methods="testCases.ULServicesFormTest.checkULPageTitle" duration-ms="858" status="PASS">
          <reporter-output>
          </reporter-output>
        </test-method> <!-- FillULInvalidData -->
        <test-method signature="FillULValidData()[pri:20, instance:testCases.ULServicesFormTest@1151e434]" started-at="2025-01-16T10:50:43 IST" name="FillULValidData" finished-at="2025-01-16T10:50:51 IST" depends-on-methods="testCases.ULServicesFormTest.FillULInvalidData" duration-ms="7862" status="PASS">
          <reporter-output>
          </reporter-output>
        </test-method> <!-- FillULValidData -->
      </class> <!-- testCases.ULServicesFormTest -->
    </test> <!-- Test -->
  </suite> <!-- Suite -->
</testng-results>
